Сборка начата 23.05.2023 14:00:02.
Уровень детализации журнала: Normal.     1>Проект "D:\User\Desktop\Everythin' for BSTU\Narkevich\1-ый курс 2-ой семестр\Lab's\решения лбр\LBR_06\SE_Lab06\SE_Lab06\SE_Lab06.vcxproj" в узле 3 (целевые объекты Rebuild).
     1>_PrepareForClean:
         Файл "Debug\SE_Lab06.tlog\SE_Lab06.lastbuildstate" удаляется.
       InitializeBuildStatus:
         Создание "Debug\SE_Lab06.tlog\unsuccessfulbuild", так как было задано "AlwaysCreate".
       ClCompile:
         C:\Program Files\Microsoft Visual Studio\2022\Community\VC\Tools\MSVC\14.34.31933\bin\HostX86\x86\CL.exe /c /ZI /JMC /nologo /W3 /WX- /diagnostics:column /sdl /Od /Oy- /D WIN32 /D _DEBUG /D _CONSOLE /D _UNICODE /D UNICODE /Gm- /EHsc /RTC1 /MDd /GS /fp:precise /Zc:wchar_t /Zc:forScope /Zc:inline /permissive- /Fo"Debug\\" /Fd"Debug\vc143.pdb" /external:W3 /Gd /TP /analyze- /FC /errorReport:prompt SE_Lab06.cpp
         SE_Lab06.cpp
       Link:
         C:\Program Files\Microsoft Visual Studio\2022\Community\VC\Tools\MSVC\14.34.31933\bin\HostX86\x86\link.exe /ERRORREPORT:PROMPT /OUT:"D:\User\Desktop\Everythin' for BSTU\Narkevich\1-ый курс 2-ой семестр\Lab's\решения лбр\LBR_06\SE_Lab06\Debug\SE_Lab06.exe" /INCREMENTAL /ILK:"Debug\SE_Lab06.ilk" /NOLOGO ..\x64\Debug\SE_Lab06L.lib kernel32.lib user32.lib gdi32.lib winspool.lib comdlg32.lib advapi32.lib shell32.lib ole32.lib oleaut32.lib uuid.lib odbc32.lib odbccp32.lib /MANIFEST /MANIFESTUAC:"level='asInvoker' uiAccess='false'" /manifest:embed /DEBUG /PDB:"D:\User\Desktop\Everythin' for BSTU\Narkevich\1-ый курс 2-ой семестр\Lab's\решения лбр\LBR_06\SE_Lab06\Debug\SE_Lab06.pdb" /SUBSYSTEM:CONSOLE /TLBID:1 /DYNAMICBASE /NXCOMPAT /IMPLIB:"D:\User\Desktop\Everythin' for BSTU\Narkevich\1-ый курс 2-ой семестр\Lab's\решения лбр\LBR_06\SE_Lab06\Debug\SE_Lab06.lib" /MACHINE:X86 Debug\SE_Lab06.obj
         SE_Lab06.vcxproj -> D:\User\Desktop\Everythin' for BSTU\Narkevich\1-ый курс 2-ой семестр\Lab's\решения лбр\LBR_06\SE_Lab06\Debug\SE_Lab06.exe
       FinalizeBuildStatus:
         Файл "Debug\SE_Lab06.tlog\unsuccessfulbuild" удаляется.
         Обращение к "Debug\SE_Lab06.tlog\SE_Lab06.lastbuildstate".
     1>Сборка проекта "D:\User\Desktop\Everythin' for BSTU\Narkevich\1-ый курс 2-ой семестр\Lab's\решения лбр\LBR_06\SE_Lab06\SE_Lab06\SE_Lab06.vcxproj" завершена (целевые объекты Rebuild).

Сборка успешно завершена.
    Предупреждений: 0
    Ошибок: 0

Прошло времени 00:00:00.69
