Сборка начата 25.05.2023 19:37:54.
Уровень детализации журнала: Normal.     1>Проект "D:\User\Desktop\Everythin' for BSTU\Narkevich\1-ый курс 2-ой семестр\Lab's\решения лбр\LBR_10\SE_Lab10\Example_from_lecture\Example_from_lecture.vcxproj" в узле 2 (целевые объекты Build).
     1>InitializeBuildStatus:
         Создание "Debug\Example_.aebf9ec2.tlog\unsuccessfulbuild", так как было задано "AlwaysCreate".
       ClCompile:
         C:\Program Files\Microsoft Visual Studio\2022\Community\VC\Tools\MSVC\14.34.31933\bin\HostX86\x86\CL.exe /c /ZI /JMC /nologo /W3 /WX- /diagnostics:column /sdl /Od /Oy- /D WIN32 /D _DEBUG /D _CONSOLE /D _UNICODE /D UNICODE /Gm- /EHsc /RTC1 /MDd /GS /fp:precise /Zc:wchar_t /Zc:forScope /Zc:inline /permissive- /Fo"Debug\\" /Fd"Debug\vc143.pdb" /external:W3 /Gd /TP /analyze- /FC /errorReport:prompt Solution.cpp
         Solution.cpp
     1>D:\User\Desktop\Everythin' for BSTU\Narkevich\1-ый курс 2-ой семестр\Lab's\решения лбр\LBR_10\SE_Lab10\Example_from_lecture\Solution.cpp(8,1): warning C4326: возвращаемый тип "main" должен быть "int", а не "void"
       Link:
         C:\Program Files\Microsoft Visual Studio\2022\Community\VC\Tools\MSVC\14.34.31933\bin\HostX86\x86\link.exe /ERRORREPORT:PROMPT /OUT:"D:\User\Desktop\Everythin' for BSTU\Narkevich\1-ый курс 2-ой семестр\Lab's\решения лбр\LBR_10\SE_Lab10\Example_from_lecture\Debug\Example_from_lecture.exe" /INCREMENTAL /ILK:"Debug\Example_from_lecture.ilk" /NOLOGO kernel32.lib user32.lib gdi32.lib winspool.lib comdlg32.lib advapi32.lib shell32.lib ole32.lib oleaut32.lib uuid.lib odbc32.lib odbccp32.lib /MANIFEST /MANIFESTUAC:"level='asInvoker' uiAccess='false'" /manifest:embed /DEBUG /PDB:"D:\User\Desktop\Everythin' for BSTU\Narkevich\1-ый курс 2-ой семестр\Lab's\решения лбр\LBR_10\SE_Lab10\Example_from_lecture\Debug\Example_from_lecture.pdb" /SUBSYSTEM:CONSOLE /TLBID:1 /DYNAMICBASE /NXCOMPAT /IMPLIB:"D:\User\Desktop\Everythin' for BSTU\Narkevich\1-ый курс 2-ой семестр\Lab's\решения лбр\LBR_10\SE_Lab10\Example_from_lecture\Debug\Example_from_lecture.lib" /MACHINE:X86 Debug\Solution.obj
         Example_from_lecture.vcxproj -> D:\User\Desktop\Everythin' for BSTU\Narkevich\1-ый курс 2-ой семестр\Lab's\решения лбр\LBR_10\SE_Lab10\Example_from_lecture\Debug\Example_from_lecture.exe
       FinalizeBuildStatus:
         Файл "Debug\Example_.aebf9ec2.tlog\unsuccessfulbuild" удаляется.
         Обращение к "Debug\Example_.aebf9ec2.tlog\Example_from_lecture.lastbuildstate".
     1>Сборка проекта "D:\User\Desktop\Everythin' for BSTU\Narkevich\1-ый курс 2-ой семестр\Lab's\решения лбр\LBR_10\SE_Lab10\Example_from_lecture\Example_from_lecture.vcxproj" завершена (целевые объекты Build).

Сборка успешно завершена.

       "D:\User\Desktop\Everythin' for BSTU\Narkevich\1-ый курс 2-ой семестр\Lab's\решения лбр\LBR_10\SE_Lab10\Example_from_lecture\Example_from_lecture.vcxproj" (целевой объект Build ) (1) ->
       (Целевой объект ClCompile) -> 
         D:\User\Desktop\Everythin' for BSTU\Narkevich\1-ый курс 2-ой семестр\Lab's\решения лбр\LBR_10\SE_Lab10\Example_from_lecture\Solution.cpp(8,1): warning C4326: возвращаемый тип "main" должен быть "int", а не "void"

    Предупреждений: 1
    Ошибок: 0

Прошло времени 00:00:01.42
