d:\user\desktop\everythin' for bstu\narkevich\all laboratory works\2-ой семестр\решения лбр\lbr_01\lbr_01\debug\vc143.pdb
d:\user\desktop\everythin' for bstu\narkevich\all laboratory works\2-ой семестр\решения лбр\lbr_01\lbr_01\debug\vc143.idb
d:\user\desktop\everythin' for bstu\narkevich\all laboratory works\2-ой семестр\решения лбр\lbr_01\lbr_01\debug\time.obj
d:\user\desktop\everythin' for bstu\narkevich\all laboratory works\2-ой семестр\решения лбр\lbr_01\lbr_01\debug\leapornot.obj
d:\user\desktop\everythin' for bstu\narkevich\all laboratory works\2-ой семестр\решения лбр\lbr_01\lbr_01\debug\exercise_1.obj
d:\user\desktop\everythin' for bstu\narkevich\all laboratory works\2-ой семестр\решения лбр\lbr_01\lbr_01\debug\numberofday.obj
d:\user\desktop\everythin' for bstu\narkevich\all laboratory works\2-ой семестр\решения лбр\lbr_01\lbr_01\debug\stdafx.obj
d:\user\desktop\everythin' for bstu\narkevich\all laboratory works\2-ой семестр\решения лбр\lbr_01\lbr_01\debug\time.cod
d:\user\desktop\everythin' for bstu\narkevich\all laboratory works\2-ой семестр\решения лбр\lbr_01\lbr_01\debug\stdafx.cod
d:\user\desktop\everythin' for bstu\narkevich\all laboratory works\2-ой семестр\решения лбр\lbr_01\lbr_01\debug\numberofday.cod
d:\user\desktop\everythin' for bstu\narkevich\all laboratory works\2-ой семестр\решения лбр\lbr_01\lbr_01\debug\leapornot.cod
d:\user\desktop\everythin' for bstu\narkevich\all laboratory works\2-ой семестр\решения лбр\lbr_01\lbr_01\debug\exercise_1.cod
d:\user\desktop\everythin' for bstu\narkevich\all laboratory works\2-ой семестр\решения лбр\lbr_01\lbr_01\debug\lbr_01.exe
d:\user\desktop\everythin' for bstu\narkevich\all laboratory works\2-ой семестр\решения лбр\lbr_01\lbr_01\debug\lbr_01.ilk
d:\user\desktop\everythin' for bstu\narkevich\all laboratory works\2-ой семестр\решения лбр\lbr_01\lbr_01\debug\lbr_01.pdb
d:\user\desktop\everythin' for bstu\narkevich\all laboratory works\2-ой семестр\решения лбр\lbr_01\lbr_01\debug\lbr_01.tlog\cl.command.1.tlog
d:\user\desktop\everythin' for bstu\narkevich\all laboratory works\2-ой семестр\решения лбр\lbr_01\lbr_01\debug\lbr_01.tlog\cl.read.1.tlog
d:\user\desktop\everythin' for bstu\narkevich\all laboratory works\2-ой семестр\решения лбр\lbr_01\lbr_01\debug\lbr_01.tlog\cl.write.1.tlog
d:\user\desktop\everythin' for bstu\narkevich\all laboratory works\2-ой семестр\решения лбр\lbr_01\lbr_01\debug\lbr_01.tlog\link.command.1.tlog
d:\user\desktop\everythin' for bstu\narkevich\all laboratory works\2-ой семестр\решения лбр\lbr_01\lbr_01\debug\lbr_01.tlog\link.read.1.tlog
d:\user\desktop\everythin' for bstu\narkevich\all laboratory works\2-ой семестр\решения лбр\lbr_01\lbr_01\debug\lbr_01.tlog\link.write.1.tlog
